<?xml version="1.0" encoding="UTF-8" ?>
<testsuite tests="59" failures="0" name="net.mooctest.TriangleTest" time="0.109" errors="0" skipped="0">
  <properties>
[...]
</properties>
  <testcase classname="net.mooctest.TriangleTest" name="teste00" time="0.016"/>
  <testcase classname="net.mooctest.TriangleTest" name="teste01" time="0"/>
  <testcase classname="net.mooctest.TriangleTest" name="teste02" time="0"/>
  <testcase classname="net.mooctest.TriangleTest" name="teste03" time="0.002"/>
  <testcase classname="net.mooctest.TriangleTest" name="teste04" time="0.002"/>
  <testcase classname="net.mooctest.TriangleTest" name="teste05" time="0.001"/>
  <testcase classname="net.mooctest.TriangleTest" name="teste06" time="0.005"/>
  <testcase classname="net.mooctest.TriangleTest" name="teste07" time="0.003"/>
  <testcase classname="net.mooctest.TriangleTest" name="teste08" time="0.001"/>
  <testcase classname="net.mooctest.TriangleTest" name="teste09" time="0.001"/>
  <testcase classname="net.mooctest.TriangleTest" name="teste10" time="0.001"/>
  <testcase classname="net.mooctest.TriangleTest" name="teste11" time="0.03"/>
  <testcase classname="net.mooctest.TriangleTest" name="teste12" time="0.001"/>
  <testcase classname="net.mooctest.TriangleTest" name="teste13" time="0.001"/>
  <testcase classname="net.mooctest.TriangleTest" name="teste14" time="0.001"/>
  <testcase classname="net.mooctest.TriangleTest" name="teste15" time="0"/>
  <testcase classname="net.mooctest.TriangleTest" name="teste16" time="0"/>
  <testcase classname="net.mooctest.TriangleTest" name="teste17" time="0.001"/>
  <testcase classname="net.mooctest.TriangleTest" name="teste18" time="0.001"/>
  <testcase classname="net.mooctest.TriangleTest" name="teste19" time="0"/>
  <testcase classname="net.mooctest.TriangleTest" name="teste20" time="0.001"/>
  <testcase classname="net.mooctest.TriangleTest" name="teste21" time="0.001"/>
  <testcase classname="net.mooctest.TriangleTest" name="teste22" time="0.001"/>
  <testcase classname="net.mooctest.TriangleTest" name="teste23" time="0"/>
  <testcase classname="net.mooctest.TriangleTest" name="teste24" time="0"/>
  <testcase classname="net.mooctest.TriangleTest" name="teste25" time="0.002"/>
  <testcase classname="net.mooctest.TriangleTest" name="testIsTriangle10" time="0.001"/>
  <testcase classname="net.mooctest.TriangleTest" name="testIsTriangle11" time="0.001"/>
  <testcase classname="net.mooctest.TriangleTest" name="testIsTriangle12" time="0.001"/>
  <testcase classname="net.mooctest.TriangleTest" name="testIsTriangle13" time="0.001"/>
  <testcase classname="net.mooctest.TriangleTest" name="testIsTriangle14" time="0.002"/>
  <testcase classname="net.mooctest.TriangleTest" name="testIsTriangle15" time="0.003"/>
  <testcase classname="net.mooctest.TriangleTest" name="testIsTriangle16" time="0.001"/>
  <testcase classname="net.mooctest.TriangleTest" name="testIsTriangle17" time="0.001"/>
  <testcase classname="net.mooctest.TriangleTest" name="testIsTriangle18" time="0.001"/>
  <testcase classname="net.mooctest.TriangleTest" name="testIsTriangle19" time="0.002"/>
  <testcase classname="net.mooctest.TriangleTest" name="testIsTriangle20" time="0.001"/>
  <testcase classname="net.mooctest.TriangleTest" name="testIsTriangle21" time="0.001"/>
  <testcase classname="net.mooctest.TriangleTest" name="testIsTriangle22" time="0.001"/>
  <testcase classname="net.mooctest.TriangleTest" name="testIsTriangle23" time="0.001"/>
  <testcase classname="net.mooctest.TriangleTest" name="testIsTriangle24" time="0.001"/>
  <testcase classname="net.mooctest.TriangleTest" name="testIsTriangle25" time="0.001"/>
  <testcase classname="net.mooctest.TriangleTest" name="testIsTriangle26" time="0.004"/>
  <testcase classname="net.mooctest.TriangleTest" name="testIsTriangle27" time="0.004"/>
  <testcase classname="net.mooctest.TriangleTest" name="testIsTriangle28" time="0"/>
  <testcase classname="net.mooctest.TriangleTest" name="testIsTriangle29" time="0"/>
  <testcase classname="net.mooctest.TriangleTest" name="testIsTriangle30" time="0.001"/>
  <testcase classname="net.mooctest.TriangleTest" name="testIsTriangle31" time="0.001"/>
  <testcase classname="net.mooctest.TriangleTest" name="testIsTriangle32" time="0"/>
  <testcase classname="net.mooctest.TriangleTest" name="testIsTriangle33" time="0"/>
  <testcase classname="net.mooctest.TriangleTest" name="testIsTriangle2" time="0.001"/>
  <testcase classname="net.mooctest.TriangleTest" name="testIsTriangle3" time="0.001"/>
  <testcase classname="net.mooctest.TriangleTest" name="testIsTriangle4" time="0.001"/>
  <testcase classname="net.mooctest.TriangleTest" name="testIsTriangle5" time="0.002"/>
  <testcase classname="net.mooctest.TriangleTest" name="testIsTriangle6" time="0.001"/>
  <testcase classname="net.mooctest.TriangleTest" name="testIsTriangle7" time="0"/>
  <testcase classname="net.mooctest.TriangleTest" name="testIsTriangle8" time="0"/>
  <testcase classname="net.mooctest.TriangleTest" name="testIsTriangle9" time="0"/>
  <testcase classname="net.mooctest.TriangleTest" name="testIsTriangle" time="0.001"/>
</testsuite>